
image:     file format elf32-lm32

Sections:
Idx Name          Size      VMA       LMA       File off  Algn
  0 .text         00000290  00000000  00000000  00000074  2**2
                  CONTENTS, ALLOC, LOAD, CODE
  1 .data         00000014  00000290  00000290  00000304  2**2
                  CONTENTS, ALLOC, LOAD, DATA
  2 .bss          00000004  000002a4  000002a4  00000318  2**2
                  ALLOC
  3 .debug_abbrev 00000177  00000000  00000000  00000318  2**0
                  CONTENTS, READONLY, DEBUGGING
  4 .debug_info   000004ce  00000000  00000000  0000048f  2**0
                  CONTENTS, READONLY, DEBUGGING
  5 .debug_line   000002cc  00000000  00000000  0000095d  2**0
                  CONTENTS, READONLY, DEBUGGING
  6 .debug_frame  000000f0  00000000  00000000  00000c2c  2**2
                  CONTENTS, READONLY, DEBUGGING
  7 .debug_loc    000000a6  00000000  00000000  00000d1c  2**0
                  CONTENTS, READONLY, DEBUGGING
  8 .debug_pubnames 00000113  00000000  00000000  00000dc2  2**0
                  CONTENTS, READONLY, DEBUGGING
  9 .debug_aranges 00000040  00000000  00000000  00000ed5  2**0
                  CONTENTS, READONLY, DEBUGGING
 10 .debug_str    000001b9  00000000  00000000  00000f15  2**0
                  CONTENTS, READONLY, DEBUGGING
 11 .comment      0000005a  00000000  00000000  000010ce  2**0
                  CONTENTS, READONLY
Disassembly of section .text:

00000000 <_ftext>:
   0:	98 00 00 00 	xor r0,r0,r0
   4:	d0 00 00 00 	wcsr IE,r0
   8:	78 01 00 00 	mvhi r1,0x0
   c:	38 21 00 00 	ori r1,r1,0x0
  10:	d0 e1 00 00 	wcsr EBA,r1
  14:	f8 00 00 03 	calli 20 <_crt0>
  18:	34 00 00 00 	nop
  1c:	34 00 00 00 	nop

00000020 <_crt0>:
  20:	78 1c 00 00 	mvhi sp,0x0
  24:	3b 9c 0f fc 	ori sp,sp,0xffc
  28:	78 1a 00 00 	mvhi gp,0x0
  2c:	3b 5a 02 b0 	ori gp,gp,0x2b0
  30:	78 01 00 00 	mvhi r1,0x0
  34:	38 21 02 a4 	ori r1,r1,0x2a4
  38:	78 03 00 00 	mvhi r3,0x0
  3c:	38 63 02 a8 	ori r3,r3,0x2a8

00000040 <.clearBSS>:
  40:	44 23 00 04 	be r1,r3,50 <.callMain>
  44:	58 20 00 00 	sw (r1+0),r0
  48:	34 21 00 04 	addi r1,r1,4
  4c:	e3 ff ff fd 	bi 40 <.clearBSS>

00000050 <.callMain>:
  50:	34 01 00 00 	mvi r1,0
  54:	34 02 00 00 	mvi r2,0
  58:	34 03 00 00 	mvi r3,0
  5c:	f8 00 00 0c 	calli 8c <main>

00000060 <irq_enable>:
  60:	34 01 00 01 	mvi r1,1
  64:	d0 01 00 00 	wcsr IE,r1
  68:	c3 a0 00 00 	ret

0000006c <irq_mask>:
  6c:	34 01 00 0f 	mvi r1,15
  70:	d0 21 00 00 	wcsr IM,r1
  74:	c3 a0 00 00 	ret

00000078 <irq_disable>:
  78:	34 01 00 00 	mvi r1,0
  7c:	d0 01 00 00 	wcsr IE,r1
  80:	c3 a0 00 00 	ret

00000084 <jump>:
  84:	c0 20 00 00 	b r1

00000088 <halt>:
  88:	e0 00 00 00 	bi 88 <halt>

0000008c <main>:
#include "soc-hw.h"

int main (int argc, char **argv){
  8c:	37 9c ff f8 	addi sp,sp,-8
  90:	5b 8b 00 08 	sw (sp+8),r11
  94:	5b 9d 00 04 	sw (sp+4),ra
		}else{

			number++;
		}

		write_intro(number);
  98:	34 01 00 01 	mvi r1,1
  9c:	f8 00 00 15 	calli f0 <write_intro>
		sleep(1000);
  a0:	34 01 03 e8 	mvi r1,1000
  a4:	f8 00 00 37 	calli 180 <sleep>
		}else{

			number++;
		}

		write_intro(number);
  a8:	34 01 00 02 	mvi r1,2
  ac:	f8 00 00 11 	calli f0 <write_intro>
		sleep(1000);
  b0:	34 01 03 e8 	mvi r1,1000
  b4:	f8 00 00 33 	calli 180 <sleep>
  b8:	34 0b 00 02 	mvi r11,2
		if(number == 9){
			
			number = 0;
		}else{

			number++;
  bc:	35 6b 00 01 	addi r11,r11,1
		}

		write_intro(number);
  c0:	b9 60 08 00 	mv r1,r11
  c4:	f8 00 00 0b 	calli f0 <write_intro>
		sleep(1000);
  c8:	34 01 03 e8 	mvi r1,1000
  cc:	f8 00 00 2d 	calli 180 <sleep>

	int number = 0;

	for(;;){

		if(number == 9){
  d0:	7d 62 00 09 	cmpnei r2,r11,9
  d4:	5c 40 ff fa 	bne r2,r0,bc <main+0x30>
		}else{

			number++;
		}

		write_intro(number);
  d8:	34 01 00 00 	mvi r1,0
  dc:	f8 00 00 05 	calli f0 <write_intro>
		sleep(1000);
  e0:	34 01 03 e8 	mvi r1,1000
  e4:	f8 00 00 27 	calli 180 <sleep>
  e8:	34 0b 00 00 	mvi r11,0
  ec:	e3 ff ff f4 	bi bc <main+0x30>

000000f0 <write_intro>:

/***************************************************************************
 * General utility functions
 */

void write_intro(int number){
  f0:	78 02 00 00 	mvhi r2,0x0
  f4:	38 42 02 9c 	ori r2,r2,0x29c
  f8:	28 43 00 00 	lw r3,(r2+0)
  fc:	34 02 00 10 	mvi r2,16
 100:	58 62 00 00 	sw (r3+0),r2

	vga0->ctrl = 0x10;
	vga0->intro = number;
 104:	58 61 00 10 	sw (r3+16),r1
}
 108:	c3 a0 00 00 	ret

0000010c <read_sw>:

int read_sw(){
 10c:	78 01 00 00 	mvhi r1,0x0
 110:	38 21 02 98 	ori r1,r1,0x298
 114:	28 23 00 00 	lw r3,(r1+0)
 118:	34 02 00 10 	mvi r2,16
 11c:	58 62 00 00 	sw (r3+0),r2
	gpio0->ctrl = 0x10;
	return gpio0->in;
 120:	28 61 00 10 	lw r1,(r3+16)
}
 124:	c3 a0 00 00 	ret

00000128 <show_char>:

void show_char(char ascii){
 128:	78 02 00 00 	mvhi r2,0x0
 12c:	38 42 02 98 	ori r2,r2,0x298
 130:	28 43 00 00 	lw r3,(r2+0)
 134:	34 02 00 14 	mvi r2,20
 138:	20 21 00 ff 	andi r1,r1,0xff
	gpio0->ctrl = 0x14;
 13c:	58 62 00 00 	sw (r3+0),r2
	gpio0->out = ascii;
 140:	58 61 00 14 	sw (r3+20),r1
}
 144:	c3 a0 00 00 	ret

00000148 <show_led>:

void show_led(int led){
 148:	78 02 00 00 	mvhi r2,0x0
 14c:	38 42 02 98 	ori r2,r2,0x298
 150:	28 43 00 00 	lw r3,(r2+0)
 154:	34 02 00 14 	mvi r2,20
 158:	58 62 00 00 	sw (r3+0),r2
	gpio0->ctrl = 0x14;
	gpio0->out = led;
 15c:	58 61 00 14 	sw (r3+20),r1
}
 160:	c3 a0 00 00 	ret

00000164 <show_number>:

void show_number(int numero){
 164:	78 02 00 00 	mvhi r2,0x0
 168:	38 42 02 a0 	ori r2,r2,0x2a0
 16c:	28 43 00 00 	lw r3,(r2+0)
 170:	34 02 00 10 	mvi r2,16
 174:	58 62 00 00 	sw (r3+0),r2

	bcd0->ctrl = 0x10;
	bcd0->number = numero;
 178:	58 61 00 10 	sw (r3+16),r1
}
 17c:	c3 a0 00 00 	ret

00000180 <sleep>:

void sleep(int msec)
{
 180:	78 03 00 00 	mvhi r3,0x0
 184:	78 02 00 01 	mvhi r2,0x1
 188:	38 42 86 a0 	ori r2,r2,0x86a0
 18c:	38 63 02 94 	ori r3,r3,0x294
 190:	88 22 08 00 	mul r1,r1,r2
 194:	28 63 00 00 	lw r3,(r3+0)
	uint32_t tcr;

	// Use timer0.1
	timer0->compare1 = (FCPU/1000)*msec;
	timer0->counter1 = 0;
	timer0->tcr1 = TIMER_EN | TIMER_IRQEN;
 198:	34 02 00 0a 	mvi r2,10
void sleep(int msec)
{
	uint32_t tcr;

	// Use timer0.1
	timer0->compare1 = (FCPU/1000)*msec;
 19c:	58 61 00 10 	sw (r3+16),r1
	timer0->counter1 = 0;
 1a0:	34 01 00 00 	mvi r1,0
 1a4:	58 61 00 14 	sw (r3+20),r1
	timer0->tcr1 = TIMER_EN | TIMER_IRQEN;
 1a8:	58 62 00 0c 	sw (r3+12),r2

	do {
		//halt();
 		tcr = timer0->tcr1;
 1ac:	28 61 00 0c 	lw r1,(r3+12)
 	} while ( ! (tcr & TIMER_TRIG) );
 1b0:	20 21 00 01 	andi r1,r1,0x1
 1b4:	64 21 00 00 	cmpei r1,r1,0
 1b8:	5c 20 ff fd 	bne r1,r0,1ac <sleep+0x2c>
}
 1bc:	c3 a0 00 00 	ret

000001c0 <tic_init>:

void tic_init()
{
 1c0:	78 01 00 00 	mvhi r1,0x0
 1c4:	38 21 02 94 	ori r1,r1,0x294
 1c8:	28 23 00 00 	lw r3,(r1+0)
 1cc:	78 02 00 01 	mvhi r2,0x1
 1d0:	38 42 86 a0 	ori r2,r2,0x86a0
 1d4:	58 62 00 04 	sw (r3+4),r2
	// Setup timer0.0
	timer0->compare0 = (FCPU/1000);
	timer0->counter0 = 0;
 1d8:	34 01 00 00 	mvi r1,0
 1dc:	58 61 00 08 	sw (r3+8),r1
	timer0->tcr0     = TIMER_EN | TIMER_AR | TIMER_IRQEN;
 1e0:	34 02 00 0e 	mvi r2,14
 1e4:	58 62 00 00 	sw (r3+0),r2
}
 1e8:	c3 a0 00 00 	ret

000001ec <uart_init>:

/***************************************************************************
 * UART Functions
 */
void uart_init()
{
 1ec:	c3 a0 00 00 	ret

000001f0 <uart_read>:
	// Setup Divisor register (Fclk / Baud)
	//uart0->div = (FCPU/(57600*16));
}

char uart_read()
{   
 1f0:	78 01 00 00 	mvhi r1,0x0
 1f4:	38 21 02 90 	ori r1,r1,0x290
 1f8:	28 22 00 00 	lw r2,(r1+0)
 1fc:	28 41 00 04 	lw r1,(r2+4)
	return uart0->rxtx;
}
 200:	20 21 00 ff 	andi r1,r1,0xff
 204:	c3 a0 00 00 	ret

00000208 <uart_getchar>:
char uart_getchar()
{   
 208:	78 01 00 00 	mvhi r1,0x0
 20c:	38 21 02 90 	ori r1,r1,0x290
 210:	28 22 00 00 	lw r2,(r1+0)
 214:	28 41 00 00 	lw r1,(r2+0)
 218:	20 21 00 01 	andi r1,r1,0x1
 21c:	64 21 00 00 	cmpei r1,r1,0
 220:	5c 20 ff fd 	bne r1,r0,214 <uart_getchar+0xc>
	while (! (uart0->ucr & UART_DR)) ;
	return uart0->rxtx;
 224:	28 41 00 04 	lw r1,(r2+4)
}
 228:	20 21 00 ff 	andi r1,r1,0xff
 22c:	c3 a0 00 00 	ret

00000230 <uart_putchar>:

void uart_putchar(char c)
{
 230:	78 02 00 00 	mvhi r2,0x0
 234:	38 42 02 90 	ori r2,r2,0x290
 238:	28 42 00 00 	lw r2,(r2+0)
 23c:	20 23 00 ff 	andi r3,r1,0xff
	while (uart0->ucr & UART_BUSY) ;
 240:	28 41 00 00 	lw r1,(r2+0)
 244:	20 21 00 10 	andi r1,r1,0x10
 248:	5c 20 ff fe 	bne r1,r0,240 <uart_putchar+0x10>
	uart0->rxtx = c;
 24c:	58 43 00 04 	sw (r2+4),r3
}
 250:	c3 a0 00 00 	ret

00000254 <uart_putstr>:

void uart_putstr(char *str)
{
 254:	37 9c ff f8 	addi sp,sp,-8
 258:	5b 8b 00 08 	sw (sp+8),r11
 25c:	5b 9d 00 04 	sw (sp+4),ra
 260:	b8 20 10 00 	mv r2,r1
	char *c = str;
	while(*c) {
 264:	40 21 00 00 	lbu r1,(r1+0)
 268:	44 20 00 06 	be r1,r0,280 <uart_putstr+0x2c>
 26c:	b8 40 58 00 	mv r11,r2
		uart_putchar(*c);
		c++;
 270:	35 6b 00 01 	addi r11,r11,1

void uart_putstr(char *str)
{
	char *c = str;
	while(*c) {
		uart_putchar(*c);
 274:	fb ff ff ef 	calli 230 <uart_putchar>
}

void uart_putstr(char *str)
{
	char *c = str;
	while(*c) {
 278:	41 61 00 00 	lbu r1,(r11+0)
 27c:	5c 20 ff fd 	bne r1,r0,270 <uart_putstr+0x1c>
		uart_putchar(*c);
		c++;
	}
}
 280:	2b 8b 00 08 	lw r11,(sp+8)
 284:	2b 9d 00 04 	lw ra,(sp+4)
 288:	37 9c 00 08 	addi sp,sp,8
 28c:	c3 a0 00 00 	ret
